0 info it worked if it ends with ok
1 verbose cli [ '/home/prasad/.nvm/versions/node/v7.5.0/bin/node',
1 verbose cli   '/home/prasad/.nvm/versions/node/v7.5.0/bin/npm',
1 verbose cli   'start' ]
2 info using npm@4.1.2
3 info using node@v7.5.0
4 verbose run-script [ 'prestart', 'start', 'poststart' ]
5 info lifecycle pluralsight-redux-starter@1.0.0~prestart: pluralsight-redux-starter@1.0.0
6 verbose lifecycle pluralsight-redux-starter@1.0.0~prestart: unsafe-perm in lifecycle true
7 verbose lifecycle pluralsight-redux-starter@1.0.0~prestart: PATH: /home/prasad/.nvm/versions/node/v7.5.0/lib/node_modules/npm/bin/node-gyp-bin:/media/workspace/personal/react-starter/node_modules/.bin:/home/prasad/.nvm/versions/node/v7.5.0/bin:/home/prasad/bin:/home/prasad/.local/bin:/usr/local/sbin:/usr/local/bin:/usr/sbin:/usr/bin:/sbin:/bin:/usr/games:/usr/local/games:/snap/bin:/usr/lib/jvm/java-8-oracle/bin:/usr/lib/jvm/java-8-oracle/db/bin:/usr/lib/jvm/java-8-oracle/jre/bin
8 verbose lifecycle pluralsight-redux-starter@1.0.0~prestart: CWD: /media/workspace/personal/react-starter
9 silly lifecycle pluralsight-redux-starter@1.0.0~prestart: Args: [ '-c', 'babel-node tools/startMessage.js' ]
10 silly lifecycle pluralsight-redux-starter@1.0.0~prestart: Returned: code: 0  signal: null
11 info lifecycle pluralsight-redux-starter@1.0.0~start: pluralsight-redux-starter@1.0.0
12 verbose lifecycle pluralsight-redux-starter@1.0.0~start: unsafe-perm in lifecycle true
13 verbose lifecycle pluralsight-redux-starter@1.0.0~start: PATH: /home/prasad/.nvm/versions/node/v7.5.0/lib/node_modules/npm/bin/node-gyp-bin:/media/workspace/personal/react-starter/node_modules/.bin:/home/prasad/.nvm/versions/node/v7.5.0/bin:/home/prasad/bin:/home/prasad/.local/bin:/usr/local/sbin:/usr/local/bin:/usr/sbin:/usr/bin:/sbin:/bin:/usr/games:/usr/local/games:/snap/bin:/usr/lib/jvm/java-8-oracle/bin:/usr/lib/jvm/java-8-oracle/db/bin:/usr/lib/jvm/java-8-oracle/jre/bin
14 verbose lifecycle pluralsight-redux-starter@1.0.0~start: CWD: /media/workspace/personal/react-starter
15 silly lifecycle pluralsight-redux-starter@1.0.0~start: Args: [ '-c', 'npm-run-all --parallel open:src lint:watch' ]
16 silly lifecycle pluralsight-redux-starter@1.0.0~start: Returned: code: 1  signal: null
17 info lifecycle pluralsight-redux-starter@1.0.0~start: Failed to exec start script
18 verbose stack Error: pluralsight-redux-starter@1.0.0 start: `npm-run-all --parallel open:src lint:watch`
18 verbose stack Exit status 1
18 verbose stack     at EventEmitter.<anonymous> (/home/prasad/.nvm/versions/node/v7.5.0/lib/node_modules/npm/lib/utils/lifecycle.js:279:16)
18 verbose stack     at emitTwo (events.js:106:13)
18 verbose stack     at EventEmitter.emit (events.js:192:7)
18 verbose stack     at ChildProcess.<anonymous> (/home/prasad/.nvm/versions/node/v7.5.0/lib/node_modules/npm/lib/utils/spawn.js:40:14)
18 verbose stack     at emitTwo (events.js:106:13)
18 verbose stack     at ChildProcess.emit (events.js:192:7)
18 verbose stack     at maybeClose (internal/child_process.js:890:16)
18 verbose stack     at Process.ChildProcess._handle.onexit (internal/child_process.js:226:5)
19 verbose pkgid pluralsight-redux-starter@1.0.0
20 verbose cwd /media/workspace/personal/react-starter
21 error Linux 4.4.0-62-generic
22 error argv "/home/prasad/.nvm/versions/node/v7.5.0/bin/node" "/home/prasad/.nvm/versions/node/v7.5.0/bin/npm" "start"
23 error node v7.5.0
24 error npm  v4.1.2
25 error code ELIFECYCLE
26 error pluralsight-redux-starter@1.0.0 start: `npm-run-all --parallel open:src lint:watch`
26 error Exit status 1
27 error Failed at the pluralsight-redux-starter@1.0.0 start script 'npm-run-all --parallel open:src lint:watch'.
27 error Make sure you have the latest version of node.js and npm installed.
27 error If you do, this is most likely a problem with the pluralsight-redux-starter package,
27 error not with npm itself.
27 error Tell the author that this fails on your system:
27 error     npm-run-all --parallel open:src lint:watch
27 error You can get information on how to open an issue for this project with:
27 error     npm bugs pluralsight-redux-starter
27 error Or if that isn't available, you can get their info via:
27 error     npm owner ls pluralsight-redux-starter
27 error There is likely additional logging output above.
28 verbose exit [ 1, true ]
